INFO: 2024/10/09 19:38:59 user.go:32: init user client
INFO: 2024/10/09 19:38:59 video.go:37: init video client
INFO: 2024/10/09 19:55:44 user.go:98: login dddd
INFO: 2024/10/09 19:56:21 user.go:39: register yezi
INFO: 2024/10/09 19:56:22 user.go:147: userInfo id 3
INFO: 2024/10/09 19:56:22 video.go:85: publishList 3
INFO: 2024/10/09 19:56:22 video.go:100: video无服务
INFO: 2024/10/09 19:57:21 video.go:43: feed 1728475039986
INFO: 2024/10/09 19:57:21 video.go:55: video无服务
INFO: 2024/10/09 19:57:44 user.go:39: register 羊驼
INFO: 2024/10/09 19:57:45 user.go:147: userInfo id 4
INFO: 2024/10/09 19:57:45 video.go:85: publishList 4
INFO: 2024/10/09 19:57:45 video.go:100: video无服务
INFO: 2024/10/09 19:57:50 video.go:85: publishList 4
INFO: 2024/10/09 19:57:50 video.go:100: video无服务
INFO: 2024/10/09 19:58:01 video.go:85: publishList 4
INFO: 2024/10/09 19:58:01 video.go:100: video无服务
INFO: 2024/10/09 19:58:04 video.go:85: publishList 4
INFO: 2024/10/09 19:58:04 video.go:100: video无服务
[INFO] 2024/10/09 20:39:47 user.go:32: init user client
[INFO] 2024/10/09 20:39:47 video.go:37: init video client
[INFO] 2024/10/09 20:42:02 video.go:43: feed 1728477719481
[INFO] 2024/10/09 20:43:38 video.go:43: feed 1728477817341
[INFO] 2024/10/09 20:45:50 user.go:98: login yezi
[INFO] 2024/10/09 20:45:50 user.go:147: userInfo id 3
[INFO] 2024/10/09 20:45:51 video.go:85: publishList 3
[INFO] 2024/10/09 20:53:29 video.go:43: feed 1728478408452
[INFO] 2024/10/09 20:53:40 user.go:98: login yezi
[INFO] 2024/10/09 20:53:41 user.go:147: userInfo id 3
[INFO] 2024/10/09 20:53:42 video.go:85: publishList 3
[INFO] 2024/10/09 20:57:13 video.go:85: publishList 3
[INFO] 2024/10/09 20:57:19 video.go:85: publishList 3
[INFO] 2024/10/09 20:57:34 video.go:85: publishList 3
[INFO] 2024/10/09 20:57:37 video.go:43: feed 1728478655472
[INFO] 2024/10/09 20:57:44 user.go:98: login yezi
[INFO] 2024/10/09 20:57:44 user.go:147: userInfo id 3
[INFO] 2024/10/09 20:57:45 video.go:85: publishList 3
[INFO] 2024/10/09 21:10:08 video.go:43: feed 1728479407118
[INFO] 2024/10/09 21:10:22 video.go:43: feed 1728479421216
[INFO] 2024/10/09 21:10:30 user.go:98: login yezi
[INFO] 2024/10/09 21:10:30 user.go:147: userInfo id 3
[INFO] 2024/10/09 21:10:30 video.go:85: publishList 3
[INFO] 2024/10/09 21:11:04 video.go:85: publishList 3
[INFO] 2024/10/09 21:11:12 video.go:85: publishList 3
[INFO] 2024/10/09 21:11:17 video.go:85: publishList 3
[INFO] 2024/10/09 21:11:44 video.go:85: publishList 3
[INFO] 2024/10/09 21:12:19 video.go:85: publishList 3
[INFO] 2024/10/09 21:12:24 video.go:43: feed 1728479543526
[INFO] 2024/10/09 21:12:24 video.go:43: feed 1728479543625
[INFO] 2024/10/09 21:12:24 video.go:43: feed 1728479543846
[INFO] 2024/10/09 21:12:33 video.go:43: feed 1728479552928
[INFO] 2024/10/09 21:12:34 video.go:43: feed 1728479553090
[INFO] 2024/10/09 21:12:34 video.go:43: feed 1728479553243
[INFO] 2024/10/09 21:13:10 user.go:98: login yezi
[INFO] 2024/10/09 21:13:10 user.go:147: userInfo id 3
[INFO] 2024/10/09 21:13:10 video.go:85: publishList 3
[INFO] 2024/10/09 21:13:37 video.go:85: publishList 3
[INFO] 2024/10/09 21:13:43 video.go:43: feed 1728479621463
[INFO] 2024/10/09 21:13:43 video.go:43: feed 1728479621834
[INFO] 2024/10/09 21:13:48 video.go:43: feed 1728479622451
[INFO] 2024/10/09 21:13:57 video.go:43: feed 1728479627627
[INFO] 2024/10/09 21:15:09 video.go:43: feed 1728479708013
[INFO] 2024/10/09 21:15:10 video.go:43: feed 1728479708795
[INFO] 2024/10/09 21:16:06 user.go:98: login 羊驼
[INFO] 2024/10/09 21:16:16 user.go:98: login 羊驼
[INFO] 2024/10/09 21:16:16 user.go:147: userInfo id 4
[INFO] 2024/10/09 21:16:17 video.go:85: publishList 4
[INFO] 2024/10/09 21:17:05 video.go:85: publishList 4
[INFO] 2024/10/09 21:17:12 video.go:43: feed 1728479709207
[INFO] 2024/10/09 21:17:12 video.go:85: publishList 3
[INFO] 2024/10/09 21:17:13 video.go:85: publishList 3
[INFO] 2024/10/09 21:17:15 video.go:85: publishList 4
[INFO] 2024/10/09 21:17:19 video.go:43: feed 1728479838313
[INFO] 2024/10/09 21:17:20 video.go:43: feed 1728479838475
[INFO] 2024/10/09 21:17:35 video.go:43: feed 1728479553331
[INFO] 2024/10/09 21:17:35 video.go:85: publishList 3
[INFO] 2024/10/09 21:17:36 video.go:43: feed 1728479854964
[INFO] 2024/10/09 21:17:36 video.go:85: publishList 3
[INFO] 2024/10/09 21:17:40 video.go:43: feed 1728479838906
[INFO] 2024/10/09 21:17:47 video.go:43: feed 1728479856511
[INFO] 2024/10/09 21:17:47 video.go:85: publishList 3
[INFO] 2024/10/09 21:17:51 video.go:85: publishList 3
[INFO] 2024/10/09 21:18:05 video.go:43: feed 1728479859505
[INFO] 2024/10/09 21:24:30 video.go:43: feed 1728480268832
[INFO] 2024/10/09 21:24:30 video.go:43: feed 1728480269427
[INFO] 2024/10/09 21:24:39 user.go:98: login yezi
[INFO] 2024/10/09 21:24:40 user.go:147: userInfo id 3
[INFO] 2024/10/09 21:24:40 video.go:85: publishList 3
[INFO] 2024/10/09 21:25:18 video.go:43: feed 1728480315944
[INFO] 2024/10/09 21:25:19 video.go:43: feed 1728480316890
[INFO] 2024/10/09 21:25:32 user.go:98: login 羊驼
[INFO] 2024/10/09 21:25:32 user.go:147: userInfo id 4
[INFO] 2024/10/09 21:25:32 video.go:85: publishList 4
[INFO] 2024/10/09 21:25:50 video.go:43: feed 1728480318069
[INFO] 2024/10/09 21:25:51 video.go:85: publishList 4
[INFO] 2024/10/09 21:25:51 video.go:43: feed 1728480349811
[INFO] 2024/10/09 21:25:52 video.go:85: publishList 4
[INFO] 2024/10/09 21:25:57 video.go:43: feed 1728480350557
[INFO] 2024/10/09 21:25:57 video.go:85: publishList 3
[INFO] 2024/10/09 21:25:58 video.go:85: publishList 4
[INFO] 2024/10/09 21:26:00 video.go:85: publishList 4
[INFO] 2024/10/13 19:54:25 user.go:32: init user client
[INFO] 2024/10/13 19:54:25 video.go:37: init video client
[INFO] 2024/10/13 19:54:25 favor.go:32: init favor client
[INFO] 2024/10/13 20:04:01 user.go:98: login ddsx
[INFO] 2024/10/13 20:04:36 user.go:39: register yemaolin
[INFO] 2024/10/13 20:04:38 user.go:147: userInfo id 5
[INFO] 2024/10/13 20:23:51 user.go:98: login yemaolin
[INFO] 2024/10/13 20:23:51 user.go:147: userInfo id 5
[INFO] 2024/10/13 20:26:58 user.go:98: login yemaolin
[INFO] 2024/10/13 20:26:58 user.go:147: userInfo id 5
[INFO] 2024/10/13 20:26:58 video.go:86: publishList 5
[INFO] 2024/10/13 20:35:35 video.go:43: feed 1728822933218
[INFO] 2024/10/13 20:35:48 user.go:98: login zoo
[INFO] 2024/10/13 20:35:51 user.go:39: register zoo
[INFO] 2024/10/13 20:35:52 user.go:147: userInfo id 6
[INFO] 2024/10/13 20:35:52 video.go:86: publishList 6
[INFO] 2024/10/13 20:47:01 user.go:98: login sunny
[INFO] 2024/10/13 20:47:03 user.go:39: register sunny
[INFO] 2024/10/13 20:47:04 user.go:147: userInfo id 7
[INFO] 2024/10/13 20:47:04 video.go:86: publishList 7
[INFO] 2024/10/13 20:48:34 video.go:86: publishList 7
[INFO] 2024/10/13 20:50:54 video.go:86: publishList 7
[INFO] 2024/10/13 20:51:32 video.go:86: publishList 7
[INFO] 2024/10/13 20:51:37 video.go:43: feed 0
[INFO] 2024/10/13 20:51:37 video.go:86: publishList 7
[INFO] 2024/10/13 20:51:37 video.go:43: feed 1728479824156
[INFO] 2024/10/13 20:51:40 video.go:86: publishList 4
[INFO] 2024/10/13 20:51:40 video.go:43: feed 1728479463550
[INFO] 2024/10/13 20:51:41 video.go:86: publishList 7
[INFO] 2024/10/13 20:51:43 video.go:43: feed 1728823900619
[INFO] 2024/10/13 20:51:43 video.go:86: publishList 4
[INFO] 2024/10/13 20:51:43 video.go:86: publishList 3
[INFO] 2024/10/13 20:51:44 video.go:43: feed 1728479824156
[INFO] 2024/10/13 20:51:44 video.go:86: publishList 3
[INFO] 2024/10/13 20:51:47 video.go:86: publishList 7
[INFO] 2024/10/13 20:51:48 video.go:86: publishList 4
[INFO] 2024/10/13 20:51:48 video.go:43: feed 1728479463550
[INFO] 2024/10/13 20:51:49 video.go:43: feed 1728823908543
[INFO] 2024/10/13 20:51:49 video.go:86: publishList 3
[INFO] 2024/10/13 20:51:49 video.go:86: publishList 3
[INFO] 2024/10/13 20:51:50 video.go:43: feed 1728479824156
[INFO] 2024/10/13 20:51:50 video.go:86: publishList 3
[INFO] 2024/10/13 20:51:51 video.go:86: publishList 3
[INFO] 2024/10/13 20:51:51 video.go:86: publishList 4
[INFO] 2024/10/13 20:51:52 video.go:86: publishList 7
[INFO] 2024/10/13 20:56:40 video.go:86: publishList 4
[INFO] 2024/10/13 20:56:59 video.go:86: publishList 3
[INFO] 2024/10/13 20:57:00 video.go:86: publishList 3
[INFO] 2024/10/13 20:58:51 video.go:43: feed 1728824329516
[INFO] 2024/10/13 20:58:52 video.go:43: feed 1728479824156
[INFO] 2024/10/13 20:59:37 user.go:98: login abc
[INFO] 2024/10/13 20:59:39 user.go:39: register abc
[INFO] 2024/10/13 20:59:40 user.go:147: userInfo id 8
[INFO] 2024/10/13 21:14:57 user.go:32: init user client
[INFO] 2024/10/13 21:14:57 video.go:37: init video client
[INFO] 2024/10/13 21:14:57 favor.go:33: init favor client
[INFO] 2024/10/13 21:15:14 video.go:43: feed 1728825312123
[INFO] 2024/10/13 21:15:23 user.go:98: login yemaolin
[INFO] 2024/10/13 21:15:26 user.go:147: userInfo id 5
[INFO] 2024/10/13 21:15:26 video.go:43: feed 1728825312123
[INFO] 2024/10/13 21:15:26 video.go:86: publishList 5
[INFO] 2024/10/13 21:15:28 favor.go:102: favorite list user 5
[INFO] 2024/10/13 21:15:48 video.go:43: feed 0
[INFO] 2024/10/13 21:16:22 video.go:43: feed 0
[INFO] 2024/10/13 21:16:22 favor.go:102: favorite list user 7
[INFO] 2024/10/13 21:16:22 video.go:43: feed 1728479824156
[INFO] 2024/10/13 21:16:22 video.go:86: publishList 7
[INFO] 2024/10/13 21:16:24 favor.go:59: favor video 4
[INFO] 2024/10/13 21:18:33 user.go:32: init user client
[INFO] 2024/10/13 21:18:33 video.go:37: init video client
[INFO] 2024/10/13 21:18:33 favor.go:33: init favor client
[INFO] 2024/10/13 21:18:53 video.go:43: feed 1728479463550
[INFO] 2024/10/13 21:18:56 video.go:86: publishList 5
[INFO] 2024/10/13 21:18:56 favor.go:102: favorite list user 5
[INFO] 2024/10/13 21:19:03 video.go:43: feed 1728825533113
[INFO] 2024/10/13 21:19:04 video.go:43: feed 1728479824156
[INFO] 2024/10/13 21:19:04 favor.go:102: favorite list user 7
[INFO] 2024/10/13 21:19:04 video.go:86: publishList 7
[INFO] 2024/10/13 21:19:30 video.go:86: publishList 4
[INFO] 2024/10/13 21:19:30 favor.go:102: favorite list user 4
[INFO] 2024/10/13 21:19:30 video.go:43: feed 1728479463550
[INFO] 2024/10/13 21:20:17 favor.go:59: favor video 1
[INFO] 2024/10/13 21:20:31 video.go:86: publishList 3
[INFO] 2024/10/13 21:20:31 favor.go:102: favorite list user 3
[INFO] 2024/10/13 21:20:31 video.go:43: feed 1728479463550
[INFO] 2024/10/13 21:20:34 favor.go:59: favor video 2
[INFO] 2024/10/13 21:20:37 video.go:43: feed 1728825631360
[INFO] 2024/10/13 21:20:37 favor.go:102: favorite list user 4
[INFO] 2024/10/13 21:20:37 video.go:86: publishList 4
[INFO] 2024/10/13 21:20:38 favor.go:59: favor video 3
[INFO] 2024/10/13 21:20:39 favor.go:102: favorite list user 7
[INFO] 2024/10/13 21:20:39 video.go:86: publishList 7
[INFO] 2024/10/13 21:20:43 video.go:86: publishList 5
[INFO] 2024/10/13 21:20:43 favor.go:102: favorite list user 5
[INFO] 2024/10/13 21:21:18 video.go:86: publishList 5
[INFO] 2024/10/13 21:21:18 favor.go:102: favorite list user 5
[INFO] 2024/10/13 21:24:34 video.go:43: feed 1728825872491
[INFO] 2024/10/13 21:24:34 video.go:43: feed 1728479824156
[INFO] 2024/10/13 21:24:43 user.go:98: login sunny
[INFO] 2024/10/13 21:24:43 user.go:147: userInfo id 7
[INFO] 2024/10/13 21:24:43 video.go:86: publishList 7
[INFO] 2024/10/13 21:24:43 favor.go:102: favorite list user 7
[INFO] 2024/10/13 21:24:50 video.go:86: publishList 4
[INFO] 2024/10/13 21:24:50 video.go:43: feed 1728479463550
[INFO] 2024/10/13 21:24:50 favor.go:102: favorite list user 4
[INFO] 2024/10/13 21:24:51 favor.go:59: favor video 3
[INFO] 2024/10/13 21:24:52 video.go:43: feed 1728825890334
[INFO] 2024/10/13 21:24:52 favor.go:102: favorite list user 3
[INFO] 2024/10/13 21:24:52 video.go:86: publishList 3
[INFO] 2024/10/13 21:24:53 favor.go:59: favor video 2
[INFO] 2024/10/13 21:24:54 video.go:86: publishList 3
[INFO] 2024/10/13 21:24:54 video.go:43: feed 1728479824156
[INFO] 2024/10/13 21:24:54 favor.go:102: favorite list user 3
[INFO] 2024/10/13 21:24:55 favor.go:59: favor video 1
[INFO] 2024/10/13 21:25:07 video.go:86: publishList 7
[INFO] 2024/10/13 21:25:07 favor.go:102: favorite list user 7
[INFO] 2024/10/13 21:26:32 favor.go:102: favorite list user 7
[INFO] 2024/10/13 21:26:32 video.go:86: publishList 7
[INFO] 2024/10/13 21:26:36 video.go:86: publishList 3
[INFO] 2024/10/13 21:26:36 favor.go:102: favorite list user 3
[INFO] 2024/10/13 21:26:45 video.go:86: publishList 4
[INFO] 2024/10/13 21:26:45 favor.go:102: favorite list user 4
[INFO] 2024/10/13 21:26:48 favor.go:102: favorite list user 7
[INFO] 2024/10/13 21:26:48 video.go:86: publishList 7
[INFO] 2024/10/13 21:26:51 favor.go:59: favor video 4
[INFO] 2024/10/13 21:26:54 favor.go:102: favorite list user 7
[INFO] 2024/10/13 21:26:54 video.go:86: publishList 7
[INFO] 2024/10/13 21:26:57 video.go:43: feed 1728826014985
[INFO] 2024/10/13 21:26:57 video.go:43: feed 1728479824156
[INFO] 2024/10/13 21:27:03 user.go:98: login yezi
[INFO] 2024/10/13 21:27:03 user.go:147: userInfo id 3
[INFO] 2024/10/13 21:27:03 video.go:86: publishList 3
[INFO] 2024/10/13 21:27:03 favor.go:102: favorite list user 3
[INFO] 2024/10/13 21:27:08 favor.go:59: favor video 4
[INFO] 2024/10/13 21:27:08 video.go:86: publishList 4
[INFO] 2024/10/13 21:27:08 video.go:43: feed 1728479463550
[INFO] 2024/10/13 21:27:08 favor.go:102: favorite list user 4
[INFO] 2024/10/13 21:27:09 favor.go:59: favor video 3
[INFO] 2024/10/13 21:27:10 video.go:86: publishList 3
[INFO] 2024/10/13 21:27:10 video.go:43: feed 1728826028923
[INFO] 2024/10/13 21:27:10 favor.go:102: favorite list user 3
[INFO] 2024/10/13 21:27:11 favor.go:59: favor video 2
[INFO] 2024/10/13 21:27:12 video.go:86: publishList 4
[INFO] 2024/10/13 21:27:12 favor.go:102: favorite list user 4
[INFO] 2024/10/13 21:27:12 favor.go:102: favorite list user 7
[INFO] 2024/10/13 21:27:12 video.go:86: publishList 7
[INFO] 2024/10/13 21:27:14 favor.go:102: favorite list user 4
[INFO] 2024/10/13 21:27:14 video.go:86: publishList 4
[INFO] 2024/10/13 21:27:15 video.go:86: publishList 7
[INFO] 2024/10/13 21:27:15 favor.go:102: favorite list user 7
[INFO] 2024/10/13 21:27:17 favor.go:59: favor video 4
[INFO] 2024/10/13 21:27:19 video.go:86: publishList 4
[INFO] 2024/10/13 21:27:19 favor.go:102: favorite list user 4
[INFO] 2024/10/13 21:27:20 favor.go:102: favorite list user 3
[INFO] 2024/10/13 21:27:20 video.go:86: publishList 3
[INFO] 2024/10/13 21:27:21 video.go:86: publishList 4
[INFO] 2024/10/13 21:27:21 favor.go:102: favorite list user 4
[INFO] 2024/10/13 21:27:22 video.go:86: publishList 7
[INFO] 2024/10/13 21:27:22 favor.go:102: favorite list user 7
[INFO] 2024/10/13 21:27:23 video.go:86: publishList 4
[INFO] 2024/10/13 21:27:23 favor.go:102: favorite list user 4
[INFO] 2024/10/13 21:27:23 favor.go:102: favorite list user 3
[INFO] 2024/10/13 21:27:23 video.go:86: publishList 3
[INFO] 2024/10/13 21:27:24 video.go:86: publishList 3
[INFO] 2024/10/13 21:27:24 favor.go:102: favorite list user 3
[INFO] 2024/10/13 21:27:42 video.go:43: feed 1728826060348
[INFO] 2024/10/13 21:27:42 video.go:43: feed 1728479824156
[INFO] 2024/10/13 21:27:48 user.go:98: login yezi
[INFO] 2024/10/13 21:27:49 user.go:147: userInfo id 3
[INFO] 2024/10/13 21:27:49 video.go:86: publishList 3
[INFO] 2024/10/13 21:27:49 favor.go:102: favorite list user 3
[INFO] 2024/10/13 21:28:57 video.go:86: publishList 4
[INFO] 2024/10/13 21:28:57 video.go:43: feed 1728479463550
[INFO] 2024/10/13 21:28:57 favor.go:102: favorite list user 4
[INFO] 2024/10/13 21:28:59 video.go:86: publishList 7
[INFO] 2024/10/13 21:28:59 favor.go:102: favorite list user 7
[INFO] 2024/10/13 21:29:01 favor.go:102: favorite list user 4
[INFO] 2024/10/13 21:29:01 video.go:43: feed 1728826137631
[INFO] 2024/10/13 21:29:01 video.go:86: publishList 4
[INFO] 2024/10/13 21:29:01 favor.go:102: favorite list user 3
[INFO] 2024/10/13 21:29:01 video.go:86: publishList 3
[INFO] 2024/10/13 22:07:15 video.go:43: feed 1728828433285
[INFO] 2024/10/13 22:07:15 video.go:43: feed 1728479824156
[INFO] 2024/10/13 22:07:18 video.go:43: feed 1728479463550
[INFO] 2024/10/13 22:07:19 video.go:43: feed 1728828438403
[INFO] 2024/10/13 22:07:28 user.go:98: login yezi
[INFO] 2024/10/13 22:07:28 user.go:147: userInfo id 3
[INFO] 2024/10/13 22:07:28 favor.go:59: favor video 2
[INFO] 2024/10/13 22:07:33 video.go:86: publishList 3
[INFO] 2024/10/13 22:07:33 favor.go:102: favorite list user 3
[INFO] 2024/10/13 22:07:44 favor.go:61: cancel favor video 2
[INFO] 2024/10/13 22:07:53 favor.go:102: favorite list user 3
[INFO] 2024/10/13 22:07:53 video.go:86: publishList 3
[INFO] 2024/10/13 22:08:04 video.go:43: feed 1728479824156
[INFO] 2024/10/13 22:08:04 video.go:86: publishList 3
[INFO] 2024/10/13 22:08:04 favor.go:102: favorite list user 3
[INFO] 2024/10/13 22:08:05 favor.go:102: favorite list user 7
[INFO] 2024/10/13 22:08:05 video.go:86: publishList 7
[INFO] 2024/10/13 22:08:08 video.go:86: publishList 3
[INFO] 2024/10/13 22:08:08 favor.go:102: favorite list user 3
[INFO] 2024/10/13 22:08:11 video.go:86: publishList 3
[INFO] 2024/10/13 22:08:11 favor.go:102: favorite list user 3
[INFO] 2024/10/13 22:08:38 favor.go:102: favorite list user 3
[INFO] 2024/10/13 22:08:38 video.go:86: publishList 3
[INFO] 2024/10/13 22:09:09 video.go:43: feed 1728828546955
[INFO] 2024/10/13 22:09:09 video.go:43: feed 1728479824156
[INFO] 2024/10/13 22:09:16 user.go:98: login yemaolin
[INFO] 2024/10/13 22:09:16 user.go:147: userInfo id 5
[INFO] 2024/10/13 22:09:16 favor.go:102: favorite list user 5
[INFO] 2024/10/13 22:09:16 video.go:86: publishList 5
[INFO] 2024/10/13 22:09:29 favor.go:102: favorite list user 5
[INFO] 2024/10/13 22:09:29 video.go:86: publishList 5
[INFO] 2024/10/13 22:09:32 favor.go:102: favorite list user 4
[INFO] 2024/10/13 22:09:32 video.go:43: feed 1728479463550
[INFO] 2024/10/13 22:09:32 video.go:86: publishList 4
[INFO] 2024/10/13 22:09:33 video.go:86: publishList 5
[INFO] 2024/10/13 22:09:33 favor.go:102: favorite list user 5
[INFO] 2024/10/13 22:09:43 video.go:86: publishList 5
[INFO] 2024/10/13 22:09:43 favor.go:102: favorite list user 5
[INFO] 2024/10/13 22:09:50 favor.go:102: favorite list user 3
[INFO] 2024/10/13 22:09:50 video.go:43: feed 1728828572040
[INFO] 2024/10/13 22:09:50 video.go:86: publishList 3
[INFO] 2024/10/13 22:10:14 video.go:86: publishList 5
[INFO] 2024/10/13 22:10:14 favor.go:102: favorite list user 5
[INFO] 2024/10/13 22:10:24 video.go:86: publishList 5
[INFO] 2024/10/13 22:10:24 favor.go:102: favorite list user 5
[INFO] 2024/10/13 22:10:31 favor.go:102: favorite list user 4
[INFO] 2024/10/13 22:10:31 video.go:86: publishList 4
[INFO] 2024/10/13 22:10:31 video.go:86: publishList 7
[INFO] 2024/10/13 22:10:31 favor.go:102: favorite list user 7
[INFO] 2024/10/13 22:10:32 video.go:43: feed 1728479824156
[INFO] 2024/10/13 22:10:33 video.go:43: feed 1728479463550
[INFO] 2024/10/13 22:10:33 video.go:86: publishList 3
[INFO] 2024/10/13 22:10:33 favor.go:102: favorite list user 3
[INFO] 2024/10/13 22:10:35 favor.go:102: favorite list user 5
[INFO] 2024/10/13 22:10:35 video.go:86: publishList 5
[INFO] 2024/10/13 22:10:52 video.go:86: publishList 5
[INFO] 2024/10/13 22:10:52 favor.go:102: favorite list user 5
[INFO] 2024/10/13 22:12:42 video.go:43: feed 1728828760107
[INFO] 2024/10/13 22:12:42 video.go:43: feed 1728479824156
[INFO] 2024/10/13 22:12:42 video.go:86: publishList 7
[INFO] 2024/10/13 22:12:42 favor.go:102: favorite list user 7
[INFO] 2024/10/13 22:12:44 video.go:86: publishList 5
[INFO] 2024/10/13 22:12:44 favor.go:102: favorite list user 5
[INFO] 2024/10/13 22:12:50 favor.go:59: favor video 4
[INFO] 2024/10/13 22:12:52 video.go:86: publishList 5
[INFO] 2024/10/13 22:12:52 favor.go:102: favorite list user 5
[INFO] 2024/10/13 22:13:01 video.go:43: feed 1728479463550
[INFO] 2024/10/13 22:13:04 video.go:43: feed 1728828781388
[INFO] 2024/10/13 22:13:05 video.go:43: feed 1728479824156
[INFO] 2024/10/13 22:13:05 video.go:86: publishList 7
[INFO] 2024/10/13 22:13:05 favor.go:102: favorite list user 7
[INFO] 2024/10/13 22:26:39 user.go:98: login yemaolin
[INFO] 2024/10/13 22:26:39 user.go:147: userInfo id 5
[INFO] 2024/10/13 22:26:40 video.go:43: feed 1728829582974
[INFO] 2024/10/13 22:26:40 favor.go:102: favorite list user 5
[INFO] 2024/10/13 22:26:40 video.go:86: publishList 5
[INFO] 2024/10/13 22:26:40 video.go:43: feed 1728479824156
[INFO] 2024/10/13 22:26:40 video.go:86: publishList 7
[INFO] 2024/10/13 22:26:40 favor.go:102: favorite list user 7
[INFO] 2024/10/13 22:26:52 favor.go:102: favorite list user 5
[INFO] 2024/10/13 22:26:52 video.go:86: publishList 5
[INFO] 2024/10/13 22:27:39 user.go:32: init user client
[INFO] 2024/10/13 22:27:39 video.go:37: init video client
[INFO] 2024/10/13 22:27:39 favor.go:33: init favor client
[INFO] 2024/10/13 22:27:52 favor.go:102: favorite list user 5
[INFO] 2024/10/13 22:27:52 video.go:98: publishList 5
[INFO] 2024/10/13 22:27:56 video.go:43: feed 1728479463550
[INFO] 2024/10/13 22:28:00 video.go:98: publishList 5
[INFO] 2024/10/13 22:28:00 favor.go:102: favorite list user 5
[INFO] 2024/10/13 22:28:04 video.go:43: feed 1728829676452
[INFO] 2024/10/13 22:28:04 video.go:98: publishList 7
[INFO] 2024/10/13 22:28:04 video.go:43: feed 1728479824156
[INFO] 2024/10/13 22:28:05 favor.go:102: favorite list user 7
[INFO] 2024/10/13 22:28:07 video.go:43: feed 1728479463550
[INFO] 2024/10/13 22:28:07 video.go:98: publishList 4
[INFO] 2024/10/13 22:28:07 favor.go:102: favorite list user 4
[INFO] 2024/10/13 22:28:09 video.go:98: publishList 3
[INFO] 2024/10/13 22:28:09 favor.go:102: favorite list user 3
[INFO] 2024/10/13 22:28:10 favor.go:102: favorite list user 5
[INFO] 2024/10/13 22:28:11 favor.go:102: favorite list user 3
[INFO] 2024/10/13 22:28:11 video.go:98: publishList 3
[INFO] 2024/10/13 22:28:17 video.go:98: publishList 5
[INFO] 2024/10/13 22:28:17 video.go:43: feed 1728829692041
[INFO] 2024/10/13 22:28:20 user.go:98: login yezi
[INFO] 2024/10/13 22:28:20 user.go:147: userInfo id 3
[INFO] 2024/10/13 22:28:20 favor.go:102: favorite list user 3
[INFO] 2024/10/13 22:28:20 video.go:98: publishList 3
[INFO] 2024/10/13 22:28:20 video.go:43: feed 1728479824156
[INFO] 2024/10/13 22:28:20 favor.go:102: favorite list user 7
[INFO] 2024/10/13 22:28:20 video.go:98: publishList 7
[INFO] 2024/10/13 22:28:34 video.go:43: feed 1728479463550
[INFO] 2024/10/13 22:28:44 video.go:98: publishList 3
[INFO] 2024/10/13 22:28:44 favor.go:102: favorite list user 3
[INFO] 2024/10/13 22:28:53 video.go:98: publishList 3
[INFO] 2024/10/13 22:28:53 favor.go:102: favorite list user 3
[INFO] 2024/10/13 22:28:58 video.go:43: feed 1728829714803
[INFO] 2024/10/13 22:28:59 video.go:43: feed 1728479824156
[INFO] 2024/10/13 22:28:59 video.go:98: publishList 7
[INFO] 2024/10/13 22:28:59 favor.go:102: favorite list user 7
[INFO] 2024/10/13 22:29:03 favor.go:61: cancel favor video 4
[INFO] 2024/10/13 22:29:05 video.go:43: feed 1728479463550
[INFO] 2024/10/13 22:29:05 video.go:98: publishList 4
[INFO] 2024/10/13 22:29:05 favor.go:102: favorite list user 4
[INFO] 2024/10/13 22:29:06 video.go:43: feed 1728829745655
[INFO] 2024/10/13 22:29:06 favor.go:102: favorite list user 3
[INFO] 2024/10/13 22:29:06 video.go:98: publishList 3
[INFO] 2024/10/13 22:29:08 favor.go:102: favorite list user 3
[INFO] 2024/10/13 22:29:10 video.go:98: publishList 3
[INFO] 2024/10/13 22:29:12 favor.go:59: favor video 2
[INFO] 2024/10/13 22:29:14 video.go:98: publishList 3
[INFO] 2024/10/13 22:29:14 favor.go:102: favorite list user 3
[INFO] 2024/10/13 22:29:19 favor.go:102: favorite list user 4
[INFO] 2024/10/13 22:29:19 video.go:98: publishList 4
[INFO] 2024/10/13 22:29:19 video.go:98: publishList 7
[INFO] 2024/10/13 22:29:19 favor.go:102: favorite list user 7
[INFO] 2024/10/13 22:29:20 video.go:43: feed 1728479824156
[INFO] 2024/10/13 22:29:22 video.go:43: feed 1728479463550
[INFO] 2024/10/13 22:29:22 favor.go:102: favorite list user 3
[INFO] 2024/10/13 22:29:22 video.go:98: publishList 3
[INFO] 2024/10/13 22:29:23 video.go:43: feed 1728829762177
[INFO] 2024/10/13 22:29:24 video.go:98: publishList 7
[INFO] 2024/10/13 22:29:24 favor.go:102: favorite list user 7
[INFO] 2024/10/13 22:29:24 video.go:43: feed 1728479824156
[INFO] 2024/10/13 22:29:26 favor.go:102: favorite list user 3
[INFO] 2024/10/13 22:29:26 video.go:98: publishList 3
[INFO] 2024/10/13 22:29:45 favor.go:59: favor video 4
[INFO] 2024/10/13 22:29:48 video.go:98: publishList 3
[INFO] 2024/10/13 22:29:48 favor.go:102: favorite list user 3
[INFO] 2024/10/13 22:30:06 video.go:43: feed 1728479463550
[INFO] 2024/10/13 22:30:06 video.go:98: publishList 4
[INFO] 2024/10/13 22:30:06 favor.go:102: favorite list user 4
[INFO] 2024/10/13 22:30:07 video.go:43: feed 1728829806662
[INFO] 2024/10/13 22:30:07 video.go:98: publishList 3
[INFO] 2024/10/13 22:30:07 favor.go:102: favorite list user 3
[INFO] 2024/10/13 22:30:09 favor.go:102: favorite list user 3
[INFO] 2024/10/13 22:30:09 video.go:98: publishList 3
