[INFO]2024/10/09 20:00:46 handler.go:52: publishing...
[INFO]2024/10/09 20:00:46 handler.go:73: video size: 2607771
[INFO]2024/10/09 20:00:46 handler.go:83: upload size: 2607771
[INFO]2024/10/09 20:00:46 handler.go:100: 服务器错误：获取视频封面失败 exec: "ffmpeg": executable file not found in %PATH%
[INFO] 2024/10/09 20:42:02 handler.go:21: feeding...
[INFO] 2024/10/09 20:42:02 handler.go:29: 服务器错误 Error 1064 (42000): You have an error in your SQL syntax; check the manual that corresponds to your MySQL server version for the right syntax to use near 'AND `videos`.`deleted_at` IS NULL ORDER BY created_at desc LIMIT ?' at line 1
[INFO] 2024/10/09 20:43:38 handler.go:21: feeding...
[INFO] 2024/10/09 20:43:38 handler.go:29: 服务器错误 Error 1064 (42000): You have an error in your SQL syntax; check the manual that corresponds to your MySQL server version for the right syntax to use near 'AND `videos`.`deleted_at` IS NULL ORDER BY created_at desc LIMIT ?' at line 1
[INFO] 2024/10/09 20:45:51 handler.go:141: publishing list getting...
[INFO] 2024/10/09 20:53:29 handler.go:21: feeding...
[INFO] 2024/10/09 20:53:29 handler.go:29: 服务器错误 Error 1064 (42000): You have an error in your SQL syntax; check the manual that corresponds to your MySQL server version for the right syntax to use near 'AND `videos`.`deleted_at` IS NULL ORDER BY created_at desc LIMIT ?' at line 1
[INFO] 2024/10/09 20:53:42 handler.go:141: publishing list getting...
[INFO] 2024/10/09 20:57:13 handler.go:141: publishing list getting...
[INFO] 2024/10/09 20:57:19 handler.go:141: publishing list getting...
[INFO] 2024/10/09 20:57:34 handler.go:141: publishing list getting...
[INFO] 2024/10/09 20:57:37 handler.go:21: feeding...
[INFO] 2024/10/09 20:57:45 handler.go:141: publishing list getting...
[INFO] 2024/10/09 20:59:34 handler.go:52: publishing...
[INFO] 2024/10/09 20:59:34 handler.go:73: video size: 11900753
[INFO] 2024/10/09 20:59:34 handler.go:83: upload size: 11900753
[INFO] 2024/10/09 20:59:34 handler.go:100: 服务器错误：获取视频封面失败 exec: "ffmpeg": executable file not found in %PATH%
[INFO] 2024/10/09 21:01:03 handler.go:52: publishing...
[INFO] 2024/10/09 21:01:03 handler.go:73: video size: 2607771
[INFO] 2024/10/09 21:01:03 handler.go:83: upload size: 2607771
[INFO] 2024/10/09 21:01:03 handler.go:106: cover size: 2607771
[INFO] 2024/10/09 21:01:08 handler.go:113: 服务器错误：上传视频封面失败 Put "http://172.24.204.230:9000/tiktok-video-covers/3_1728478863969.jpg": readfrom tcp 172.24.204.230:32024->172.24.204.230:9000: http: ContentLength=2607771 with Body length 0
[INFO] 2024/10/09 21:10:08 handler.go:21: feeding...
[INFO] 2024/10/09 21:10:22 handler.go:21: feeding...
[INFO] 2024/10/09 21:10:30 handler.go:141: publishing list getting...
[INFO] 2024/10/09 21:11:03 handler.go:52: publishing...
[INFO] 2024/10/09 21:11:03 handler.go:73: video size: 2607771
[INFO] 2024/10/09 21:11:03 handler.go:83: upload size: 2607771
[INFO] 2024/10/09 21:11:03 handler.go:106: cover size: 45565
[INFO] 2024/10/09 21:11:03 handler.go:116: upload size: 45565
[INFO] 2024/10/09 21:11:04 handler.go:141: publishing list getting...
[INFO] 2024/10/09 21:11:12 handler.go:141: publishing list getting...
[INFO] 2024/10/09 21:11:17 handler.go:141: publishing list getting...
[INFO] 2024/10/09 21:11:44 handler.go:141: publishing list getting...
[INFO] 2024/10/09 21:12:19 handler.go:141: publishing list getting...
[INFO] 2024/10/09 21:12:24 handler.go:21: feeding...
[INFO] 2024/10/09 21:12:24 handler.go:21: feeding...
[INFO] 2024/10/09 21:12:24 handler.go:21: feeding...
[INFO] 2024/10/09 21:12:33 handler.go:21: feeding...
[INFO] 2024/10/09 21:12:34 handler.go:21: feeding...
[INFO] 2024/10/09 21:12:34 handler.go:21: feeding...
[INFO] 2024/10/09 21:13:10 handler.go:141: publishing list getting...
[INFO] 2024/10/09 21:13:36 handler.go:52: publishing...
[INFO] 2024/10/09 21:13:36 handler.go:73: video size: 11900753
[INFO] 2024/10/09 21:13:36 handler.go:83: upload size: 11900753
[INFO] 2024/10/09 21:13:36 handler.go:106: cover size: 72748
[INFO] 2024/10/09 21:13:36 handler.go:116: upload size: 72748
[INFO] 2024/10/09 21:13:37 handler.go:141: publishing list getting...
[INFO] 2024/10/09 21:13:43 handler.go:21: feeding...
[INFO] 2024/10/09 21:13:43 handler.go:21: feeding...
[INFO] 2024/10/09 21:13:48 handler.go:21: feeding...
[INFO] 2024/10/09 21:13:57 handler.go:21: feeding...
[INFO] 2024/10/09 21:15:09 handler.go:21: feeding...
[INFO] 2024/10/09 21:15:10 handler.go:21: feeding...
[INFO] 2024/10/09 21:16:17 handler.go:141: publishing list getting...
[INFO] 2024/10/09 21:17:03 handler.go:52: publishing...
[INFO] 2024/10/09 21:17:03 handler.go:73: video size: 25325695
[INFO] 2024/10/09 21:17:03 handler.go:83: upload size: 25325695
[INFO] 2024/10/09 21:17:04 handler.go:106: cover size: 101120
[INFO] 2024/10/09 21:17:04 handler.go:116: upload size: 101120
[INFO] 2024/10/09 21:17:05 handler.go:141: publishing list getting...
[INFO] 2024/10/09 21:17:12 handler.go:21: feeding...
[INFO] 2024/10/09 21:17:12 handler.go:141: publishing list getting...
[INFO] 2024/10/09 21:17:13 handler.go:141: publishing list getting...
[INFO] 2024/10/09 21:17:15 handler.go:141: publishing list getting...
[INFO] 2024/10/09 21:17:19 handler.go:21: feeding...
[INFO] 2024/10/09 21:17:20 handler.go:21: feeding...
[INFO] 2024/10/09 21:17:35 handler.go:21: feeding...
[INFO] 2024/10/09 21:17:35 handler.go:141: publishing list getting...
[INFO] 2024/10/09 21:17:36 handler.go:21: feeding...
[INFO] 2024/10/09 21:17:36 handler.go:141: publishing list getting...
[INFO] 2024/10/09 21:17:40 handler.go:21: feeding...
[INFO] 2024/10/09 21:17:47 handler.go:21: feeding...
[INFO] 2024/10/09 21:17:47 handler.go:141: publishing list getting...
[INFO] 2024/10/09 21:17:51 handler.go:141: publishing list getting...
[INFO] 2024/10/09 21:18:05 handler.go:21: feeding...
[INFO] 2024/10/09 21:24:30 handler.go:21: feeding...
[INFO] 2024/10/09 21:24:30 handler.go:21: feeding...
[INFO] 2024/10/09 21:24:40 handler.go:141: publishing list getting...
[INFO] 2024/10/09 21:25:18 handler.go:21: feeding...
[INFO] 2024/10/09 21:25:19 handler.go:21: feeding...
[INFO] 2024/10/09 21:25:32 handler.go:141: publishing list getting...
[INFO] 2024/10/09 21:25:50 handler.go:21: feeding...
[INFO] 2024/10/09 21:25:51 handler.go:141: publishing list getting...
[INFO] 2024/10/09 21:25:51 handler.go:21: feeding...
[INFO] 2024/10/09 21:25:52 handler.go:141: publishing list getting...
[INFO] 2024/10/09 21:25:57 handler.go:21: feeding...
[INFO] 2024/10/09 21:25:57 handler.go:141: publishing list getting...
[INFO] 2024/10/09 21:25:58 handler.go:141: publishing list getting...
[INFO] 2024/10/09 21:26:00 handler.go:141: publishing list getting...
