INFO: 2024/10/09 19:55:44 handler.go:79: loginning...
INFO: 2024/10/09 19:55:44 handler.go:94: 用户不存在
INFO: 2024/10/09 19:56:21 handler.go:17: registering...
INFO: 2024/10/09 19:56:22 handler.go:127: userinfo getting...
INFO: 2024/10/09 19:57:44 handler.go:17: registering...
INFO: 2024/10/09 19:57:45 handler.go:127: userinfo getting...
[INFO] 2024/10/09 20:45:50 handler.go:79: loginning...
[INFO] 2024/10/09 20:45:50 handler.go:127: userinfo getting...
[INFO] 2024/10/09 20:53:40 handler.go:79: loginning...
[INFO] 2024/10/09 20:53:41 handler.go:127: userinfo getting...
[INFO] 2024/10/09 20:57:44 handler.go:79: loginning...
[INFO] 2024/10/09 20:57:44 handler.go:127: userinfo getting...
[INFO] 2024/10/09 21:10:30 handler.go:79: loginning...
[INFO] 2024/10/09 21:10:30 handler.go:127: userinfo getting...
[INFO] 2024/10/09 21:13:10 handler.go:79: loginning...
[INFO] 2024/10/09 21:13:10 handler.go:127: userinfo getting...
[INFO] 2024/10/09 21:16:06 handler.go:79: loginning...
[INFO] 2024/10/09 21:16:06 handler.go:103: 密码错误
[INFO] 2024/10/09 21:16:16 handler.go:79: loginning...
[INFO] 2024/10/09 21:16:16 handler.go:127: userinfo getting...
[INFO] 2024/10/09 21:24:39 handler.go:79: loginning...
[INFO] 2024/10/09 21:24:40 handler.go:127: userinfo getting...
[INFO] 2024/10/09 21:25:32 handler.go:79: loginning...
[INFO] 2024/10/09 21:25:32 handler.go:127: userinfo getting...
